{"level":"info","message":"server ready","timestamp":"2022-11-01T08:17:33.924Z"}
{"level":"info","message":"server ready","timestamp":"2022-11-01T08:19:03.491Z"}
{"level":"info","message":"server ready","timestamp":"2022-11-01T08:20:56.475Z"}
{"level":"info","message":"server ready","timestamp":"2022-11-01T10:42:34.890Z"}
{"level":"info","message":"server ready","timestamp":"2022-11-01T10:51:40.119Z"}
{"level":"info","message":"server ready","timestamp":"2022-11-01T10:52:51.055Z"}
{"level":"info","message":"server ready","timestamp":"2022-11-01T10:53:19.585Z"}
{"level":"info","message":"server ready","timestamp":"2022-11-01T10:53:51.256Z"}
{"level":"info","message":"server ready","timestamp":"2022-11-01T10:54:06.974Z"}
{"level":"info","message":"server ready","timestamp":"2022-11-01T10:54:09.029Z"}
{"level":"info","message":"server ready","timestamp":"2022-11-01T10:54:52.492Z"}
{"level":"info","message":"server ready","timestamp":"2022-11-01T10:55:05.031Z"}
{"level":"info","message":"server ready","timestamp":"2022-11-01T10:56:31.406Z"}
{"level":"info","message":"server ready","timestamp":"2022-11-01T10:56:32.941Z"}
{"level":"info","message":"server ready","timestamp":"2022-11-01T10:57:56.051Z"}
{"level":"info","message":"server ready","timestamp":"2022-11-01T10:58:01.973Z"}
{"level":"info","message":"server ready","timestamp":"2022-11-01T10:58:07.648Z"}
{"level":"info","message":"server ready","timestamp":"2022-11-01T10:58:13.063Z"}
{"level":"info","message":"server ready","timestamp":"2022-11-01T10:58:14.612Z"}
{"level":"info","message":"server ready","timestamp":"2022-11-01T10:58:16.347Z"}
{"level":"info","message":"server ready","timestamp":"2022-11-01T10:58:25.944Z"}
{"level":"info","message":"server ready","timestamp":"2022-11-01T10:58:27.062Z"}
{"level":"info","message":"server ready","timestamp":"2022-11-01T11:02:30.622Z"}
{"level":"info","message":"server ready","timestamp":"2022-11-01T11:04:24.862Z"}
{"level":"info","message":"server ready","timestamp":"2022-11-01T11:11:40.852Z"}
{"level":"info","message":"server ready","timestamp":"2022-11-01T11:11:42.069Z"}
{"level":"info","message":"server ready","timestamp":"2022-11-01T11:11:44.802Z"}
{"level":"info","message":"server ready","timestamp":"2022-11-01T11:11:50.047Z"}
{"level":"info","message":"server ready","timestamp":"2022-11-01T11:13:06.364Z"}
{"level":"info","message":"server ready","timestamp":"2022-11-01T11:13:13.725Z"}
{"level":"info","message":"server ready","timestamp":"2022-11-01T11:13:17.971Z"}
{"level":"info","message":"server ready","timestamp":"2022-11-01T11:19:02.037Z"}
{"level":"info","message":"server ready","timestamp":"2022-11-01T11:19:06.887Z"}
{"level":"info","message":"server ready","timestamp":"2022-11-01T14:16:55.958Z"}
{"level":"info","message":"server ready","timestamp":"2022-11-01T14:16:57.299Z"}
{"level":"info","message":"server ready","timestamp":"2022-11-01T14:17:00.795Z"}
{"level":"info","message":"server ready","timestamp":"2022-11-01T14:17:15.613Z"}
{"level":"info","message":"server ready","timestamp":"2022-11-01T14:18:33.420Z"}
{"level":"info","message":"server ready","timestamp":"2022-11-01T14:18:53.152Z"}
{"level":"info","message":"server ready","timestamp":"2022-11-01T14:18:57.817Z"}
{"level":"info","message":"server ready","timestamp":"2022-11-01T14:18:58.961Z"}
{"level":"info","message":"server ready","timestamp":"2022-11-01T14:19:05.278Z"}
{"level":"info","message":"server ready","timestamp":"2022-11-01T14:19:25.032Z"}
{"level":"info","message":"server ready","timestamp":"2022-11-01T14:19:29.688Z"}
{"level":"info","message":"server ready","timestamp":"2022-11-01T14:20:05.381Z"}
{"level":"info","message":"server ready","timestamp":"2022-11-01T14:20:07.354Z"}
{"level":"info","message":"server ready","timestamp":"2022-11-01T14:20:15.445Z"}
{"level":"info","message":"server ready","timestamp":"2022-11-01T14:21:02.564Z"}
{"level":"info","message":"server ready","timestamp":"2022-11-01T14:21:04.153Z"}
{"level":"info","message":"server ready","timestamp":"2022-11-01T14:21:21.234Z"}
{"level":"info","message":"server ready","timestamp":"2022-11-01T14:21:22.594Z"}
{"level":"info","message":"server ready","timestamp":"2022-11-01T14:21:43.286Z"}
{"level":"info","message":"server ready","timestamp":"2022-11-01T14:21:55.532Z"}
{"level":"info","message":"server ready","timestamp":"2022-11-01T14:22:51.184Z"}
{"level":"info","message":"server ready","timestamp":"2022-11-01T14:23:05.752Z"}
{"level":"info","message":"server ready","timestamp":"2022-11-01T14:23:08.411Z"}
{"level":"info","message":"server ready","timestamp":"2022-11-01T14:23:13.944Z"}
{"level":"info","message":"server ready","timestamp":"2022-11-01T14:24:04.219Z"}
{"level":"info","message":"server ready","timestamp":"2022-11-01T14:24:05.162Z"}
{"level":"info","message":"server ready","timestamp":"2022-11-01T14:24:39.118Z"}
{"level":"info","message":"server ready","timestamp":"2022-11-01T14:26:51.194Z"}
{"level":"info","message":"server ready","timestamp":"2022-11-01T14:29:49.344Z"}
{"level":"info","message":"server ready","timestamp":"2022-11-01T14:29:52.906Z"}
{"level":"info","message":"server ready","timestamp":"2022-11-01T14:29:54.347Z"}
{"level":"info","message":"server ready","timestamp":"2022-11-01T14:30:07.298Z"}
{"level":"info","message":"server ready","timestamp":"2022-11-01T14:30:16.806Z"}
{"level":"info","message":"server ready","timestamp":"2022-11-01T14:30:18.182Z"}
{"level":"info","message":"server ready","timestamp":"2022-11-01T14:30:22.897Z"}
{"level":"info","message":"server ready","timestamp":"2022-11-01T14:33:26.947Z"}
{"level":"info","message":"server ready","timestamp":"2022-11-01T14:37:03.850Z"}
{"level":"info","message":"server ready","timestamp":"2022-11-01T14:37:05.170Z"}
{"level":"info","message":"server ready","timestamp":"2022-11-01T14:41:46.502Z"}
{"level":"info","message":"server ready","timestamp":"2022-11-01T14:41:48.099Z"}
{"level":"info","message":"server ready","timestamp":"2022-11-01T14:42:09.440Z"}
{"level":"info","message":"server ready","timestamp":"2022-11-01T14:42:10.922Z"}
{"level":"info","message":"server ready","timestamp":"2022-11-01T14:43:40.660Z"}
{"level":"info","message":"server ready","timestamp":"2022-11-01T14:43:57.825Z"}
{"level":"info","message":"server ready","timestamp":"2022-11-01T14:43:59.219Z"}
{"level":"info","message":"server ready","timestamp":"2022-11-01T14:44:27.459Z"}
{"level":"info","message":"server ready","timestamp":"2022-11-01T14:44:29.070Z"}
{"level":"info","message":"server ready","timestamp":"2022-11-01T14:45:03.384Z"}
{"level":"info","message":"server ready","timestamp":"2022-11-01T14:45:20.683Z"}
{"level":"info","message":"server ready","timestamp":"2022-11-01T14:53:01.624Z"}
{"level":"info","message":"server ready","timestamp":"2022-11-01T14:55:46.185Z"}
{"level":"info","message":"server ready","timestamp":"2022-11-01T14:55:55.297Z"}
{"level":"info","message":"server ready","timestamp":"2022-11-01T14:55:56.576Z"}
{"level":"info","message":"server ready","timestamp":"2022-11-01T14:56:31.961Z"}
{"level":"info","message":"server ready","timestamp":"2022-11-01T14:56:33.549Z"}
{"level":"info","message":"server ready","timestamp":"2022-11-01T14:56:35.601Z"}
{"level":"info","message":"server ready","timestamp":"2022-11-01T14:56:40.362Z"}
{"level":"info","message":"server ready","timestamp":"2022-11-01T14:57:14.934Z"}
{"level":"info","message":"server ready","timestamp":"2022-11-01T14:57:16.585Z"}
{"level":"info","message":"server ready","timestamp":"2022-11-01T15:00:56.269Z"}
{"level":"info","message":"server ready","timestamp":"2022-11-01T15:00:57.470Z"}
{"level":"info","message":"server ready","timestamp":"2022-11-01T15:01:08.384Z"}
{"level":"info","message":"server ready","timestamp":"2022-11-02T04:30:11.615Z"}
{"level":"info","message":"server ready","timestamp":"2022-11-02T04:32:40.990Z"}
{"level":"info","message":"server ready","timestamp":"2022-11-02T04:32:43.365Z"}
{"level":"info","message":"server ready","timestamp":"2022-11-02T04:33:28.929Z"}
{"level":"info","message":"server ready","timestamp":"2022-11-02T09:07:51.762Z"}
{"level":"info","message":"server ready","timestamp":"2022-11-02T10:10:24.014Z"}
{"level":"info","message":"server ready","timestamp":"2022-11-02T10:10:59.456Z"}
{"level":"info","message":"server ready","timestamp":"2022-11-02T10:11:00.579Z"}
{"level":"info","message":"server ready","timestamp":"2022-11-02T10:14:22.708Z"}
{"level":"info","message":"server ready","timestamp":"2022-11-02T10:22:21.654Z"}
{"level":"info","message":"server ready","timestamp":"2022-11-02T10:22:53.800Z"}
{"level":"info","message":"server ready","timestamp":"2022-11-02T10:55:38.708Z"}
{"level":"info","message":"server ready","timestamp":"2022-11-02T10:55:43.044Z"}
{"level":"info","message":"server ready","timestamp":"2022-11-02T10:56:40.697Z"}
{"level":"info","message":"server ready","timestamp":"2022-11-03T06:29:17.983Z"}
{"level":"info","message":"server ready","timestamp":"2022-11-03T06:29:29.912Z"}
{"level":"info","message":"server ready","timestamp":"2022-11-03T06:29:38.811Z"}
{"level":"info","message":"server ready","timestamp":"2022-11-03T06:34:04.070Z"}
{"level":"info","message":"server ready","timestamp":"2022-11-03T06:34:13.660Z"}
{"level":"info","message":"server ready","timestamp":"2022-11-03T06:34:29.657Z"}
{"level":"info","message":"server ready","timestamp":"2022-11-03T06:34:37.932Z"}
{"level":"info","message":"server ready","timestamp":"2022-11-03T06:35:35.567Z"}
{"level":"info","message":"server ready","timestamp":"2022-11-03T06:35:42.482Z"}
{"level":"info","message":"server ready","timestamp":"2022-11-03T06:35:44.090Z"}
{"level":"info","message":"server ready","timestamp":"2022-11-03T06:35:53.936Z"}
{"level":"info","message":"server ready","timestamp":"2022-11-03T06:37:05.701Z"}
{"level":"info","message":"server ready","timestamp":"2022-11-03T06:37:58.562Z"}
{"level":"info","message":"server ready","timestamp":"2022-11-03T06:38:00.015Z"}
{"level":"info","message":"GET ALL USERS","timestamp":"2022-11-03T06:38:01.220Z"}
{"level":"info","message":"GET ALL USERS","timestamp":"2022-11-03T06:38:03.126Z"}
{"level":"info","message":"server ready","timestamp":"2022-11-03T06:38:25.456Z"}
{"level":"info","message":"GET ALL USERS","timestamp":"2022-11-03T06:38:28.396Z"}
{"level":"info","message":"GET ALL USERS","timestamp":"2022-11-03T06:38:28.957Z"}
{"level":"info","message":"GET ALL USERS","timestamp":"2022-11-03T06:38:29.188Z"}
{"level":"info","message":"server ready","timestamp":"2022-11-03T06:38:43.643Z"}
{"level":"info","message":"STORE USER IN DATABASE","timestamp":"2022-11-03T06:39:11.607Z"}
{"level":"info","message":"STORE USER IN DATABASE","timestamp":"2022-11-03T06:42:07.472Z"}
{"level":"info","message":"server ready","timestamp":"2022-11-03T06:42:38.048Z"}
{"level":"info","message":"STORE USER IN DATABASE","timestamp":"2022-11-03T06:42:41.288Z"}
{"level":"info","message":"STORE USER IN DATABASE","timestamp":"2022-11-03T06:42:41.527Z"}
{"level":"info","message":"server ready","timestamp":"2022-11-03T06:43:13.317Z"}
{"level":"info","message":"server ready","timestamp":"2022-11-03T06:43:16.016Z"}
{"level":"info","message":"STORE USER IN DATABASE","timestamp":"2022-11-03T06:43:28.096Z"}
{"level":"info","message":"STORE USER IN DATABASE","timestamp":"2022-11-03T06:43:31.960Z"}
{"level":"info","message":"STORE USER IN DATABASE","timestamp":"2022-11-03T06:43:32.174Z"}
{"level":"info","message":"STORE USER IN DATABASE","timestamp":"2022-11-03T06:43:32.413Z"}
{"level":"info","message":"server ready","timestamp":"2022-11-03T06:44:23.672Z"}
{"level":"info","message":"server ready","timestamp":"2022-11-03T06:44:31.795Z"}
{"level":"info","message":"STORE USER IN DATABASE","timestamp":"2022-11-03T06:44:35.293Z"}
{"level":"info","message":"server ready","timestamp":"2022-11-03T06:45:48.220Z"}
{"level":"info","message":"server ready","timestamp":"2022-11-03T06:47:22.271Z"}
{"level":"info","message":"server ready","timestamp":"2022-11-03T06:50:00.901Z"}
{"level":"info","message":"server ready","timestamp":"2022-11-03T06:50:02.508Z"}
{"level":"info","message":"STORE USER IN DATABASE","timestamp":"2022-11-03T06:50:14.048Z"}
{"level":"info","message":"server ready","timestamp":"2022-11-03T06:50:38.021Z"}
{"level":"info","message":"STORE USER IN DATABASE","timestamp":"2022-11-03T06:50:46.141Z"}
{"level":"info","message":"server ready","timestamp":"2022-11-03T06:51:33.028Z"}
{"level":"info","message":"STORE USER IN DATABASE","timestamp":"2022-11-03T06:51:38.154Z"}
{"level":"info","message":"STORE USER IN DATABASE","timestamp":"2022-11-03T06:51:51.651Z"}
{"level":"info","message":"server ready","timestamp":"2022-11-03T06:52:05.978Z"}
{"level":"info","message":"STORE USER IN DATABASE","timestamp":"2022-11-03T06:52:09.937Z"}
{"level":"info","message":"server ready","timestamp":"2022-11-03T06:56:46.444Z"}
{"level":"info","message":"STORE USER IN DATABASE","timestamp":"2022-11-03T06:56:54.634Z"}
{"level":"info","message":"server ready","timestamp":"2022-11-03T06:57:02.795Z"}
{"level":"info","message":"server ready","timestamp":"2022-11-03T06:57:27.459Z"}
{"level":"info","message":"server ready","timestamp":"2022-11-03T06:57:28.582Z"}
{"level":"info","message":"STORE USER IN DATABASE","timestamp":"2022-11-03T06:57:38.258Z"}
{"level":"info","message":"server ready","timestamp":"2022-11-03T06:57:56.502Z"}
{"level":"info","message":"STORE USER IN DATABASE","timestamp":"2022-11-03T06:58:02.622Z"}
{"level":"info","message":"STORE USER IN DATABASE","timestamp":"2022-11-03T06:58:10.564Z"}
{"level":"info","message":"server ready","timestamp":"2022-11-03T07:00:38.385Z"}
{"level":"info","message":"server ready","timestamp":"2022-11-03T07:00:52.865Z"}
{"level":"info","message":"STORE USER IN DATABASE","timestamp":"2022-11-03T07:00:58.343Z"}
{"level":"info","message":"server ready","timestamp":"2022-11-03T07:02:08.942Z"}
{"level":"info","message":"STORE USER IN DATABASE","timestamp":"2022-11-03T07:02:14.749Z"}
{"level":"info","message":"GET ALL USERS","timestamp":"2022-11-03T07:04:05.148Z"}
{"level":"info","message":"GET ALL USERS","timestamp":"2022-11-03T07:04:07.482Z"}
{"level":"info","message":"server ready","timestamp":"2022-11-03T07:12:24.416Z"}
{"level":"info","message":"STORE USER IN DATABASE","timestamp":"2022-11-03T07:12:31.192Z"}
{"level":"info","message":"GET ALL USERS","timestamp":"2022-11-03T07:12:35.585Z"}
{"level":"info","message":"server ready","timestamp":"2022-11-03T07:13:41.681Z"}
{"level":"info","message":"GET ALL USERS","timestamp":"2022-11-03T07:13:46.310Z"}
{"level":"info","message":"server ready","timestamp":"2022-11-03T07:14:57.629Z"}
{"level":"info","message":"server ready","timestamp":"2022-11-03T07:14:59.142Z"}
{"level":"info","message":"server ready","timestamp":"2022-11-03T07:15:10.074Z"}
{"level":"info","message":"GET ALL USERS","timestamp":"2022-11-03T07:15:14.392Z"}
{"level":"info","message":"server ready","timestamp":"2022-11-03T07:15:48.338Z"}
{"level":"info","message":"GET METHOD","timestamp":"2022-11-03T07:15:56.370Z"}
{"level":"info","message":"server ready","timestamp":"2022-11-03T07:15:59.957Z"}
{"level":"info","message":"UPDATE USER IN DATABASE","timestamp":"2022-11-03T07:16:13.600Z"}
{"level":"info","message":"server ready","timestamp":"2022-11-03T07:40:03.547Z"}
{"level":"info","message":"GET ALL USERS","timestamp":"2022-11-03T07:40:08.325Z"}
{"level":"info","message":"UPDATE USER IN DATABASE","timestamp":"2022-11-03T07:40:12.267Z"}
{"level":"info","message":"server ready","timestamp":"2022-11-03T07:42:56.532Z"}
{"level":"info","message":"GET ALL USERS","timestamp":"2022-11-03T07:43:01.591Z"}
{"level":"info","message":"UPDATE USER IN DATABASE","timestamp":"2022-11-03T07:43:04.788Z"}
{"level":"info","message":"server ready","timestamp":"2022-11-03T07:44:43.152Z"}
{"level":"info","message":"server ready","timestamp":"2022-11-03T07:45:28.792Z"}
{"level":"info","message":"GET ALL USERS","timestamp":"2022-11-03T07:45:33.690Z"}
{"level":"info","message":"GET ALL USERS","timestamp":"2022-11-03T07:45:35.638Z"}
{"level":"info","message":"UPDATE USER IN DATABASE","timestamp":"2022-11-03T07:45:39.161Z"}
{"level":"info","message":"server ready","timestamp":"2022-11-03T07:45:44.114Z"}
{"level":"info","message":"server ready","timestamp":"2022-11-03T07:49:58.088Z"}
{"level":"info","message":"GET ALL USERS","timestamp":"2022-11-03T07:50:03.123Z"}
{"level":"info","message":"UPDATE USER IN DATABASE","timestamp":"2022-11-03T07:50:06.006Z"}
{"level":"info","message":"server ready","timestamp":"2022-11-03T07:50:28.330Z"}
{"level":"info","message":"server ready","timestamp":"2022-11-03T07:54:13.857Z"}
{"level":"info","message":"server ready","timestamp":"2022-11-03T07:54:27.893Z"}
{"level":"info","message":"GET ALL USERS","timestamp":"2022-11-03T07:54:31.864Z"}
{"level":"info","message":"STORE USER IN DATABASE","timestamp":"2022-11-03T07:54:36.319Z"}
{"level":"info","message":"GET ALL USERS","timestamp":"2022-11-03T07:54:39.863Z"}
{"level":"info","message":"UPDATE USER IN DATABASE","timestamp":"2022-11-03T07:54:43.123Z"}
{"level":"info","message":"server ready","timestamp":"2022-11-03T07:54:52.689Z"}
{"level":"info","message":"server ready","timestamp":"2022-11-03T07:56:59.336Z"}
{"level":"info","message":"server ready","timestamp":"2022-11-03T07:57:05.369Z"}
{"level":"info","message":"GET ALL USERS","timestamp":"2022-11-03T07:57:11.440Z"}
{"level":"info","message":"UPDATE USER IN DATABASE","timestamp":"2022-11-03T07:57:14.267Z"}
{"level":"info","message":"server ready","timestamp":"2022-11-03T07:57:21.559Z"}
{"level":"info","message":"server ready","timestamp":"2022-11-03T07:58:57.482Z"}
{"level":"info","message":"GET ALL USERS","timestamp":"2022-11-03T07:59:03.929Z"}
{"level":"info","message":"UPDATE USER IN DATABASE","timestamp":"2022-11-03T07:59:06.611Z"}
{"level":"info","message":"server ready","timestamp":"2022-11-03T07:59:30.431Z"}
{"level":"info","message":"GET ALL USERS","timestamp":"2022-11-03T07:59:35.057Z"}
{"level":"info","message":"UPDATE USER IN DATABASE","timestamp":"2022-11-03T07:59:38.486Z"}
{"level":"info","message":"server ready","timestamp":"2022-11-03T08:00:07.003Z"}
{"level":"info","message":"GET ALL USERS","timestamp":"2022-11-03T08:00:10.319Z"}
{"level":"info","message":"UPDATE USER IN DATABASE","timestamp":"2022-11-03T08:00:29.363Z"}
{"level":"info","message":"server ready","timestamp":"2022-11-03T08:01:13.716Z"}
{"level":"info","message":"server ready","timestamp":"2022-11-03T08:01:38.587Z"}
{"level":"info","message":"server ready","timestamp":"2022-11-03T08:01:39.781Z"}
{"level":"info","message":"GET ALL USERS","timestamp":"2022-11-03T08:01:44.219Z"}
{"level":"info","message":"UPDATE USER IN DATABASE","timestamp":"2022-11-03T08:01:47.058Z"}
{"level":"info","message":"server ready","timestamp":"2022-11-03T08:02:36.000Z"}
{"level":"info","message":"server ready","timestamp":"2022-11-03T08:03:05.429Z"}
{"level":"info","message":"GET ALL USERS","timestamp":"2022-11-03T08:03:12.240Z"}
{"level":"info","message":"UPDATE USER IN DATABASE","timestamp":"2022-11-03T08:03:14.574Z"}
{"level":"info","message":"server ready","timestamp":"2022-11-03T08:03:30.633Z"}
{"level":"info","message":"server ready","timestamp":"2022-11-03T08:03:41.838Z"}
{"level":"info","message":"UPDATE USER IN DATABASE","timestamp":"2022-11-03T08:03:49.566Z"}
{"level":"info","message":"server ready","timestamp":"2022-11-03T08:10:12.437Z"}
{"level":"info","message":"server ready","timestamp":"2022-11-03T08:10:17.046Z"}
{"level":"info","message":"GET ALL USERS","timestamp":"2022-11-03T08:10:22.663Z"}
{"level":"info","message":"UPDATE USER IN DATABASE","timestamp":"2022-11-03T08:10:25.980Z"}
{"level":"info","message":"server ready","timestamp":"2022-11-03T08:10:47.392Z"}
{"level":"info","message":"server ready","timestamp":"2022-11-03T08:11:40.185Z"}
{"level":"info","message":"server ready","timestamp":"2022-11-03T08:11:42.429Z"}
{"level":"info","message":"GET ALL USERS","timestamp":"2022-11-03T08:11:54.490Z"}
{"level":"info","message":"UPDATE USER IN DATABASE","timestamp":"2022-11-03T08:11:57.274Z"}
{"level":"info","message":"server ready","timestamp":"2022-11-03T08:13:45.779Z"}
{"level":"info","message":"GET ALL USERS","timestamp":"2022-11-03T08:13:51.581Z"}
{"level":"info","message":"UPDATE USER IN DATABASE","timestamp":"2022-11-03T08:13:53.797Z"}
{"level":"info","message":"server ready","timestamp":"2022-11-03T08:13:59.293Z"}
{"level":"info","message":"server ready","timestamp":"2022-11-03T08:14:48.540Z"}
{"level":"info","message":"GET ALL USERS","timestamp":"2022-11-03T08:14:53.660Z"}
{"level":"info","message":"GET ALL USERS","timestamp":"2022-11-03T08:14:58.349Z"}
{"level":"info","message":"UPDATE USER IN DATABASE","timestamp":"2022-11-03T08:15:01.802Z"}
{"level":"info","message":"server ready","timestamp":"2022-11-03T08:15:16.614Z"}
{"level":"info","message":"server ready","timestamp":"2022-11-03T08:15:25.813Z"}
{"level":"info","message":"server ready","timestamp":"2022-11-03T08:15:40.976Z"}
{"level":"info","message":"GET ALL USERS","timestamp":"2022-11-03T08:15:44.472Z"}
{"level":"info","message":"UPDATE USER IN DATABASE","timestamp":"2022-11-03T08:15:47.488Z"}
{"level":"info","message":"server ready","timestamp":"2022-11-03T08:16:14.293Z"}
{"level":"info","message":"GET ALL USERS","timestamp":"2022-11-03T08:16:17.120Z"}
{"level":"info","message":"GET ALL USERS","timestamp":"2022-11-03T08:16:18.711Z"}
{"level":"info","message":"UPDATE USER IN DATABASE","timestamp":"2022-11-03T08:16:20.784Z"}
{"level":"info","message":"server ready","timestamp":"2022-11-03T08:16:27.767Z"}
{"level":"info","message":"server ready","timestamp":"2022-11-03T08:23:11.631Z"}
{"level":"info","message":"GET ALL USERS","timestamp":"2022-11-03T08:23:15.992Z"}
{"level":"info","message":"UPDATE USER IN DATABASE","timestamp":"2022-11-03T08:23:18.694Z"}
{"level":"info","message":"server ready","timestamp":"2022-11-03T08:23:25.171Z"}
{"level":"info","message":"server ready","timestamp":"2022-11-03T08:23:55.119Z"}
{"level":"info","message":"GET ALL USERS","timestamp":"2022-11-03T08:24:08.277Z"}
{"level":"info","message":"UPDATE USER IN DATABASE","timestamp":"2022-11-03T08:24:10.422Z"}
{"level":"info","message":"server ready","timestamp":"2022-11-03T08:24:18.475Z"}
{"level":"info","message":"GET ALL USERS","timestamp":"2022-11-03T08:24:20.885Z"}
{"level":"info","message":"GET ALL USERS","timestamp":"2022-11-03T08:24:22.630Z"}
{"level":"info","message":"UPDATE USER IN DATABASE","timestamp":"2022-11-03T08:24:32.749Z"}
{"level":"info","message":"server ready","timestamp":"2022-11-03T08:24:40.270Z"}
{"level":"info","message":"server ready","timestamp":"2022-11-03T08:26:02.195Z"}
{"level":"info","message":"server ready","timestamp":"2022-11-03T08:26:08.390Z"}
{"level":"info","message":"server ready","timestamp":"2022-11-03T08:26:25.794Z"}
{"level":"info","message":"server ready","timestamp":"2022-11-03T08:26:54.996Z"}
{"level":"info","message":"GET ALL USERS","timestamp":"2022-11-03T08:27:08.361Z"}
{"level":"info","message":"UPDATE USER IN DATABASE","timestamp":"2022-11-03T08:27:11.424Z"}
{"level":"info","message":"server ready","timestamp":"2022-11-03T08:27:41.281Z"}
{"level":"info","message":"GET ALL USERS","timestamp":"2022-11-03T08:27:48.072Z"}
{"level":"info","message":"UPDATE USER IN DATABASE","timestamp":"2022-11-03T08:27:50.390Z"}
{"level":"info","message":"server ready","timestamp":"2022-11-03T08:29:40.697Z"}
{"level":"info","message":"GET ALL USERS","timestamp":"2022-11-03T08:29:49.748Z"}
{"level":"info","message":"UPDATE USER IN DATABASE","timestamp":"2022-11-03T08:29:53.259Z"}
{"level":"info","message":"server ready","timestamp":"2022-11-03T08:30:17.310Z"}
{"level":"info","message":"server ready","timestamp":"2022-11-03T08:30:19.400Z"}
{"level":"info","message":"server ready","timestamp":"2022-11-03T08:30:34.742Z"}
{"level":"info","message":"server ready","timestamp":"2022-11-03T08:30:47.258Z"}
{"level":"info","message":"STORE USER IN DATABASE","timestamp":"2022-11-03T08:50:51.165Z"}
{"level":"info","message":"GET ALL USERS","timestamp":"2022-11-03T08:50:53.747Z"}
{"level":"info","message":"GET ALL USERS","timestamp":"2022-11-03T08:51:21.690Z"}
{"level":"info","message":"UPDATE USER IN DATABASE","timestamp":"2022-11-03T08:51:25.844Z"}
{"level":"info","message":"server ready","timestamp":"2022-11-03T08:51:50.582Z"}
{"level":"info","message":"GET ALL USERS","timestamp":"2022-11-03T08:51:56.289Z"}
{"level":"info","message":"GET ALL USERS","timestamp":"2022-11-03T08:51:57.211Z"}
{"level":"info","message":"UPDATE USER IN DATABASE","timestamp":"2022-11-03T08:51:59.401Z"}
{"level":"info","message":"server ready","timestamp":"2022-11-03T08:52:51.672Z"}
{"level":"info","message":"server ready","timestamp":"2022-11-03T08:53:05.489Z"}
{"level":"info","message":"server ready","timestamp":"2022-11-03T08:53:21.829Z"}
{"level":"info","message":"server ready","timestamp":"2022-11-03T08:53:24.697Z"}
{"level":"info","message":"GET ALL USERS","timestamp":"2022-11-03T08:53:30.328Z"}
{"level":"info","message":"UPDATE USER IN DATABASE","timestamp":"2022-11-03T08:53:32.961Z"}
{"level":"info","message":"server ready","timestamp":"2022-11-03T08:54:21.482Z"}
{"level":"info","message":"GET ALL USERS","timestamp":"2022-11-03T08:54:26.187Z"}
{"level":"info","message":"UPDATE USER IN DATABASE","timestamp":"2022-11-03T08:54:30.524Z"}
{"level":"info","message":"server ready","timestamp":"2022-11-03T08:54:38.402Z"}
{"level":"info","message":"server ready","timestamp":"2022-11-03T08:56:14.421Z"}
{"level":"info","message":"server ready","timestamp":"2022-11-03T08:56:21.563Z"}
{"level":"info","message":"server ready","timestamp":"2022-11-03T08:57:15.827Z"}
{"level":"info","message":"DELETE USER FROM DATABASE","timestamp":"2022-11-03T08:58:21.627Z"}
{"level":"info","message":"server ready","timestamp":"2022-11-03T08:58:26.588Z"}
{"level":"info","message":"server ready","timestamp":"2022-11-03T08:58:35.758Z"}
{"level":"info","message":"server ready","timestamp":"2022-11-03T09:03:20.224Z"}
{"level":"info","message":"server ready","timestamp":"2022-11-03T09:03:31.322Z"}
{"level":"info","message":"GET ALL USERS","timestamp":"2022-11-03T09:03:35.038Z"}
{"level":"info","message":"server ready","timestamp":"2022-11-03T09:03:53.472Z"}
{"level":"info","message":"GET ALL USERS","timestamp":"2022-11-03T09:03:59.383Z"}
{"level":"info","message":"UPDATE USER IN DATABASE","timestamp":"2022-11-03T09:04:01.923Z"}
{"level":"info","message":"server ready","timestamp":"2022-11-03T09:04:16.435Z"}
{"level":"info","message":"server ready","timestamp":"2022-11-03T09:04:17.393Z"}
{"level":"info","message":"GET ALL USERS","timestamp":"2022-11-03T09:04:20.255Z"}
{"level":"info","message":"GET ALL USERS","timestamp":"2022-11-03T09:04:23.132Z"}
{"level":"info","message":"GET ALL USERS","timestamp":"2022-11-03T09:04:23.406Z"}
{"level":"info","message":"GET ALL USERS","timestamp":"2022-11-03T09:04:23.526Z"}
{"level":"info","message":"GET ALL USERS","timestamp":"2022-11-03T09:04:23.630Z"}
{"level":"info","message":"UPDATE USER IN DATABASE","timestamp":"2022-11-03T09:04:26.023Z"}
{"level":"info","message":"server ready","timestamp":"2022-11-03T09:05:34.888Z"}
{"level":"info","message":"server ready","timestamp":"2022-11-03T09:05:56.194Z"}
{"level":"info","message":"server ready","timestamp":"2022-11-03T09:05:57.165Z"}
{"level":"info","message":"GET ALL USERS","timestamp":"2022-11-03T09:06:02.940Z"}
{"level":"info","message":"DELETE USER FROM DATABASE","timestamp":"2022-11-03T09:06:05.342Z"}
{"level":"info","message":"DELETE USER FROM DATABASE","timestamp":"2022-11-03T09:06:07.621Z"}
{"level":"info","message":"server ready","timestamp":"2022-11-03T09:06:11.516Z"}
{"level":"info","message":"server ready","timestamp":"2022-11-03T09:06:18.954Z"}
{"level":"info","message":"server ready","timestamp":"2022-11-03T09:13:54.792Z"}
{"level":"info","message":"server ready","timestamp":"2022-11-03T09:13:56.540Z"}
{"level":"info","message":"server ready","timestamp":"2022-11-03T09:14:36.051Z"}
{"level":"info","message":"server ready","timestamp":"2022-11-03T09:14:37.497Z"}
{"level":"info","message":"GET ALL USERS","timestamp":"2022-11-03T09:14:45.973Z"}
{"level":"info","message":"STORE USER IN DATABASE","timestamp":"2022-11-03T09:14:53.228Z"}
{"level":"info","message":"GET ALL USERS","timestamp":"2022-11-03T09:14:57.190Z"}
{"level":"info","message":"STORE USER IN DATABASE","timestamp":"2022-11-03T09:15:06.385Z"}
{"level":"info","message":"GET ALL USERS","timestamp":"2022-11-03T09:15:07.607Z"}
{"level":"info","message":"server ready","timestamp":"2022-11-03T09:15:30.525Z"}
{"level":"info","message":"server ready","timestamp":"2022-11-03T09:17:14.719Z"}
{"level":"info","message":"server ready","timestamp":"2022-11-03T09:23:58.840Z"}
{"level":"info","message":"server ready","timestamp":"2022-11-03T09:24:30.161Z"}
{"level":"info","message":"server ready","timestamp":"2022-11-03T09:47:29.726Z"}
{"level":"info","message":"server ready","timestamp":"2022-11-03T10:19:02.798Z"}
{"level":"info","message":"server ready","timestamp":"2022-11-03T10:20:06.714Z"}
{"level":"info","message":"server ready","timestamp":"2022-11-03T10:26:04.335Z"}
{"level":"info","message":"server ready","timestamp":"2022-11-03T10:26:11.718Z"}
{"level":"info","message":"server ready","timestamp":"2022-11-03T10:27:23.448Z"}
{"level":"info","message":"server ready","timestamp":"2022-11-03T10:27:28.337Z"}
{"level":"info","message":"server ready","timestamp":"2022-11-03T10:27:31.524Z"}
{"level":"info","message":"server ready","timestamp":"2022-11-03T10:50:37.839Z"}
{"level":"info","message":"server ready","timestamp":"2022-11-03T11:11:56.614Z"}
{"level":"info","message":"server ready","timestamp":"2022-11-03T11:21:07.188Z"}
{"level":"info","message":"server ready","timestamp":"2022-11-03T11:21:18.635Z"}
{"level":"info","message":"server ready","timestamp":"2022-11-03T11:22:36.220Z"}
{"level":"info","message":"server ready","timestamp":"2022-11-03T11:24:39.343Z"}
{"level":"info","message":"server ready","timestamp":"2022-11-03T11:28:35.350Z"}
{"level":"info","message":"server ready","timestamp":"2022-11-03T11:29:53.002Z"}
{"level":"info","message":"server ready","timestamp":"2022-11-03T11:34:30.054Z"}
{"level":"info","message":"server ready","timestamp":"2022-11-03T11:34:41.644Z"}
{"level":"info","message":"server ready","timestamp":"2022-11-03T11:34:55.790Z"}
{"level":"info","message":"server ready","timestamp":"2022-11-03T11:44:14.247Z"}
{"level":"info","message":"server ready","timestamp":"2022-11-03T11:44:16.299Z"}
{"level":"info","message":"server ready","timestamp":"2022-11-03T11:44:50.775Z"}
{"level":"info","message":"server ready","timestamp":"2022-11-03T11:45:54.676Z"}
{"level":"info","message":"server ready","timestamp":"2022-11-03T11:46:48.130Z"}
{"level":"info","message":"server ready","timestamp":"2022-11-03T11:47:22.261Z"}
{"level":"info","message":"server ready","timestamp":"2022-11-03T11:47:26.661Z"}
{"level":"info","message":"server ready","timestamp":"2022-11-03T11:50:59.084Z"}
{"level":"info","message":"server ready","timestamp":"2022-11-03T11:52:20.800Z"}
{"level":"info","message":"server ready","timestamp":"2022-11-03T11:57:57.256Z"}
{"level":"info","message":"server ready","timestamp":"2022-11-03T11:58:12.477Z"}
{"level":"info","message":"server ready","timestamp":"2022-11-03T12:03:29.248Z"}
{"level":"info","message":"server ready","timestamp":"2022-11-04T04:42:22.913Z"}
{"level":"info","message":"server ready","timestamp":"2022-11-04T04:45:07.067Z"}
{"level":"info","message":"server ready","timestamp":"2022-11-04T04:45:13.034Z"}
{"level":"info","message":"server ready","timestamp":"2022-11-04T04:45:46.242Z"}
{"level":"info","message":"server ready","timestamp":"2022-11-04T04:45:53.246Z"}
{"level":"info","message":"server ready","timestamp":"2022-11-04T04:46:03.137Z"}
{"level":"info","message":"server ready","timestamp":"2022-11-04T04:46:16.553Z"}
{"level":"info","message":"GET ALL USERS","timestamp":"2022-11-04T04:46:52.434Z"}
{"level":"info","message":"STORE USER IN DATABASE","timestamp":"2022-11-04T04:47:01.731Z"}
{"level":"info","message":"GET ALL USERS","timestamp":"2022-11-04T04:47:04.206Z"}
{"level":"info","message":"server ready","timestamp":"2022-11-04T04:47:07.822Z"}
{"level":"info","message":"server ready","timestamp":"2022-11-04T04:48:07.863Z"}
{"level":"info","message":"server ready","timestamp":"2022-11-04T04:48:13.074Z"}
{"level":"info","message":"GET METHOD","timestamp":"2022-11-04T04:48:24.051Z"}
{"level":"info","message":"server ready","timestamp":"2022-11-04T04:52:06.295Z"}
{"level":"info","message":"server ready","timestamp":"2022-11-04T04:52:10.828Z"}
{"level":"info","message":"server ready","timestamp":"2022-11-04T04:52:14.632Z"}
{"level":"info","message":"server ready","timestamp":"2022-11-04T04:52:26.283Z"}
{"level":"info","message":"server ready","timestamp":"2022-11-04T04:52:54.676Z"}
{"level":"info","message":"server ready","timestamp":"2022-11-04T04:53:02.513Z"}
{"level":"info","message":"server ready","timestamp":"2022-11-04T04:53:13.377Z"}
{"level":"info","message":"server ready","timestamp":"2022-11-04T04:53:19.138Z"}
{"level":"info","message":"server ready","timestamp":"2022-11-04T04:53:55.979Z"}
{"level":"info","message":"server ready","timestamp":"2022-11-04T04:54:31.741Z"}
{"level":"info","message":"server ready","timestamp":"2022-11-04T04:55:40.910Z"}
{"level":"info","message":"server ready","timestamp":"2022-11-04T04:56:01.638Z"}
{"level":"info","message":"server ready","timestamp":"2022-11-04T04:56:03.898Z"}
{"level":"info","message":"server ready","timestamp":"2022-11-04T04:56:07.191Z"}
{"level":"info","message":"server ready","timestamp":"2022-11-04T04:56:26.110Z"}
{"level":"info","message":"server ready","timestamp":"2022-11-04T04:56:56.298Z"}
{"level":"info","message":"server ready","timestamp":"2022-11-04T04:56:57.626Z"}
{"level":"info","message":"server ready","timestamp":"2022-11-04T04:58:30.444Z"}
{"level":"info","message":"DELETE USER FROM DATABASE","timestamp":"2022-11-04T04:58:43.693Z"}
{"level":"info","message":"GET ALL USERS","timestamp":"2022-11-04T04:59:21.086Z"}
{"level":"info","message":"GET ALL USERS","timestamp":"2022-11-04T04:59:33.317Z"}
{"level":"info","message":"GET ALL USERS","timestamp":"2022-11-04T04:59:45.172Z"}
{"level":"info","message":"GET ALL USERS","timestamp":"2022-11-04T04:59:46.244Z"}
{"level":"info","message":"DELETE USER FROM DATABASE","timestamp":"2022-11-04T05:01:08.593Z"}
{"level":"info","message":"STORE USER IN DATABASE","timestamp":"2022-11-04T05:01:11.948Z"}
{"level":"info","message":"GET ALL USERS","timestamp":"2022-11-04T05:01:14.434Z"}
{"level":"info","message":"DELETE USER FROM DATABASE","timestamp":"2022-11-04T05:01:34.675Z"}
{"level":"info","message":"GET ALL USERS","timestamp":"2022-11-04T05:01:54.873Z"}
{"level":"info","message":"GET ALL USERS","timestamp":"2022-11-04T05:02:13.499Z"}
{"level":"info","message":"server ready","timestamp":"2022-11-04T05:08:12.756Z"}
{"level":"info","message":"server ready","timestamp":"2022-11-04T05:10:26.542Z"}
{"level":"info","message":"server ready","timestamp":"2022-11-04T05:10:41.764Z"}
{"level":"info","message":"server ready","timestamp":"2022-11-04T05:10:42.791Z"}
{"level":"info","message":"DELETE USER FROM DATABASE","timestamp":"2022-11-04T05:10:53.221Z"}
{"level":"info","message":"server ready","timestamp":"2022-11-04T05:11:05.144Z"}
{"level":"info","message":"server ready","timestamp":"2022-11-04T05:11:06.833Z"}
{"level":"info","message":"server ready","timestamp":"2022-11-04T05:11:35.824Z"}
{"level":"info","message":"server ready","timestamp":"2022-11-04T05:16:27.233Z"}
{"level":"info","message":"server ready","timestamp":"2022-11-04T05:16:32.254Z"}
{"level":"info","message":"GET ALL USERS","timestamp":"2022-11-04T05:20:28.714Z"}
{"level":"info","message":"DELETE USER FROM DATABASE","timestamp":"2022-11-04T05:20:42.632Z"}
{"level":"info","message":"GET ALL USERS","timestamp":"2022-11-04T05:20:50.898Z"}
{"level":"info","message":"GET ALL USERS","timestamp":"2022-11-04T05:25:37.979Z"}
{"level":"info","message":"GET ALL USERS","timestamp":"2022-11-04T05:29:40.287Z"}
{"level":"info","message":"DELETE USER FROM DATABASE","timestamp":"2022-11-04T05:29:55.840Z"}
{"level":"info","message":"GET ALL USERS","timestamp":"2022-11-04T05:30:07.274Z"}
{"level":"info","message":"server ready","timestamp":"2022-11-04T05:30:34.470Z"}
{"level":"info","message":"GET ALL USERS","timestamp":"2022-11-04T05:30:53.950Z"}
{"level":"info","message":"GET ALL USERS","timestamp":"2022-11-04T05:31:11.590Z"}
{"level":"info","message":"DELETE USER FROM DATABASE","timestamp":"2022-11-04T05:31:21.504Z"}
{"level":"info","message":"server ready","timestamp":"2022-11-04T05:31:49.918Z"}
{"level":"info","message":"DELETE USER FROM DATABASE","timestamp":"2022-11-04T05:31:52.301Z"}
{"level":"info","message":"server ready","timestamp":"2022-11-04T05:32:18.589Z"}
{"level":"info","message":"DELETE USER FROM DATABASE","timestamp":"2022-11-04T05:32:20.330Z"}
{"level":"info","message":"server ready","timestamp":"2022-11-04T05:32:41.746Z"}
{"level":"info","message":"DELETE USER FROM DATABASE","timestamp":"2022-11-04T05:32:43.715Z"}
{"level":"info","message":"server ready","timestamp":"2022-11-04T05:32:50.880Z"}
{"level":"info","message":"DELETE USER FROM DATABASE","timestamp":"2022-11-04T05:32:52.821Z"}
{"level":"info","message":"GET ALL USERS","timestamp":"2022-11-04T05:33:00.838Z"}
{"level":"info","message":"server ready","timestamp":"2022-11-04T05:33:41.007Z"}
{"level":"info","message":"DELETE USER FROM DATABASE","timestamp":"2022-11-04T05:33:49.429Z"}
{"level":"info","message":"server ready","timestamp":"2022-11-04T05:34:07.664Z"}
{"level":"info","message":"DELETE USER FROM DATABASE","timestamp":"2022-11-04T05:34:09.261Z"}
{"level":"info","message":"server ready","timestamp":"2022-11-04T05:34:25.650Z"}
{"level":"info","message":"server ready","timestamp":"2022-11-04T05:46:21.439Z"}
{"level":"info","message":"server ready","timestamp":"2022-11-04T05:46:29.036Z"}
{"level":"info","message":"server ready","timestamp":"2022-11-04T05:46:36.775Z"}
{"level":"info","message":"server ready","timestamp":"2022-11-04T05:51:03.291Z"}
{"level":"info","message":"server ready","timestamp":"2022-11-04T05:51:06.873Z"}
{"level":"info","message":"server ready","timestamp":"2022-11-04T05:51:51.070Z"}
{"level":"info","message":"server ready","timestamp":"2022-11-04T05:52:09.370Z"}
{"level":"info","message":"server ready","timestamp":"2022-11-04T05:52:16.113Z"}
{"level":"info","message":"server ready","timestamp":"2022-11-04T05:52:19.667Z"}
{"level":"info","message":"server ready","timestamp":"2022-11-04T05:52:28.464Z"}
{"level":"info","message":"server ready","timestamp":"2022-11-04T05:52:30.339Z"}
{"level":"info","message":"server ready","timestamp":"2022-11-04T05:52:59.322Z"}
{"level":"info","message":"DELETE USER FROM DATABASE","timestamp":"2022-11-04T05:53:10.712Z"}
{"level":"info","message":"server ready","timestamp":"2022-11-04T05:55:13.883Z"}
{"level":"info","message":"server ready","timestamp":"2022-11-04T05:55:20.996Z"}
{"level":"info","message":"DELETE USER FROM DATABASE","timestamp":"2022-11-04T05:55:31.218Z"}
{"level":"info","message":"server ready","timestamp":"2022-11-04T05:56:00.781Z"}
{"level":"info","message":"server ready","timestamp":"2022-11-04T05:56:20.776Z"}
{"level":"info","message":"DELETE USER FROM DATABASE","timestamp":"2022-11-04T05:56:31.592Z"}
{"level":"info","message":"server ready","timestamp":"2022-11-04T05:58:33.716Z"}
{"level":"info","message":"server ready","timestamp":"2022-11-04T05:59:39.052Z"}
{"level":"info","message":"server ready","timestamp":"2022-11-04T05:59:40.214Z"}
{"level":"info","message":"DELETE USER FROM DATABASE","timestamp":"2022-11-04T06:00:01.434Z"}
{"level":"info","message":"server ready","timestamp":"2022-11-04T06:00:14.636Z"}
{"level":"info","message":"DELETE USER FROM DATABASE","timestamp":"2022-11-04T06:00:19.147Z"}
{"level":"info","message":"server ready","timestamp":"2022-11-04T06:01:20.857Z"}
{"level":"info","message":"server ready","timestamp":"2022-11-04T06:02:15.337Z"}
{"level":"info","message":"server ready","timestamp":"2022-11-04T06:03:10.973Z"}
{"level":"info","message":"DELETE USER FROM DATABASE","timestamp":"2022-11-04T06:03:35.617Z"}
{"level":"info","message":"server ready","timestamp":"2022-11-04T06:03:41.257Z"}
{"level":"info","message":"server ready","timestamp":"2022-11-04T06:03:49.652Z"}
{"level":"info","message":"DELETE USER FROM DATABASE","timestamp":"2022-11-04T06:03:59.649Z"}
{"level":"info","message":"server ready","timestamp":"2022-11-04T06:07:11.392Z"}
{"level":"info","message":"server ready","timestamp":"2022-11-04T06:07:25.757Z"}
{"level":"info","message":"server ready","timestamp":"2022-11-04T06:07:37.466Z"}
{"level":"info","message":"server ready","timestamp":"2022-11-04T06:08:19.505Z"}
{"level":"info","message":"server ready","timestamp":"2022-11-04T06:08:21.292Z"}
{"level":"info","message":"DELETE USER FROM DATABASE","timestamp":"2022-11-04T06:08:40.361Z"}
{"level":"info","message":"GET ALL USERS","timestamp":"2022-11-04T06:08:50.093Z"}
{"level":"info","message":"server ready","timestamp":"2022-11-04T06:09:10.694Z"}
{"level":"info","message":"server ready","timestamp":"2022-11-04T06:10:04.305Z"}
{"level":"info","message":"server ready","timestamp":"2022-11-04T06:10:15.925Z"}
{"level":"info","message":"server ready","timestamp":"2022-11-04T06:11:14.715Z"}
{"level":"info","message":"server ready","timestamp":"2022-11-04T06:11:18.132Z"}
{"level":"info","message":"server ready","timestamp":"2022-11-04T06:11:21.483Z"}
{"level":"info","message":"server ready","timestamp":"2022-11-04T06:11:36.692Z"}
{"level":"info","message":"server ready","timestamp":"2022-11-04T06:12:05.011Z"}
{"level":"info","message":"server ready","timestamp":"2022-11-04T06:12:12.311Z"}
{"level":"info","message":"server ready","timestamp":"2022-11-04T06:12:26.551Z"}
{"level":"info","message":"server ready","timestamp":"2022-11-04T06:12:49.386Z"}
{"level":"info","message":"server ready","timestamp":"2022-11-04T06:12:58.948Z"}
{"level":"info","message":"server ready","timestamp":"2022-11-04T06:13:17.221Z"}
{"level":"info","message":"server ready","timestamp":"2022-11-04T06:13:53.307Z"}
{"level":"info","message":"server ready","timestamp":"2022-11-04T06:14:13.323Z"}
{"level":"info","message":"server ready","timestamp":"2022-11-04T06:15:08.038Z"}
{"level":"info","message":"server ready","timestamp":"2022-11-04T06:16:46.875Z"}
{"level":"info","message":"server ready","timestamp":"2022-11-04T06:20:58.517Z"}
{"level":"info","message":"server ready","timestamp":"2022-11-04T06:21:24.737Z"}
{"level":"info","message":"server ready","timestamp":"2022-11-04T06:22:00.860Z"}
{"level":"info","message":"server ready","timestamp":"2022-11-04T06:22:28.686Z"}
{"level":"info","message":"server ready","timestamp":"2022-11-04T06:22:34.273Z"}
{"level":"info","message":"server ready","timestamp":"2022-11-04T06:22:39.183Z"}
{"level":"info","message":"server ready","timestamp":"2022-11-04T06:23:13.616Z"}
{"level":"info","message":"server ready","timestamp":"2022-11-04T06:23:33.970Z"}
{"level":"info","message":"server ready","timestamp":"2022-11-04T06:23:54.109Z"}
{"level":"info","message":"server ready","timestamp":"2022-11-04T06:23:56.041Z"}
{"level":"info","message":"STORE USER IN DATABASE","timestamp":"2022-11-04T06:24:59.459Z"}
{"level":"info","message":"STORE USER IN DATABASE","timestamp":"2022-11-04T06:25:03.911Z"}
{"level":"info","message":"GET ALL USERS","timestamp":"2022-11-04T06:25:10.555Z"}
{"level":"info","message":"DELETE USER FROM DATABASE","timestamp":"2022-11-04T06:25:30.655Z"}
{"level":"info","message":"GET ALL USERS","timestamp":"2022-11-04T06:25:41.063Z"}
{"level":"info","message":"server ready","timestamp":"2022-11-04T06:26:10.900Z"}
{"level":"info","message":"server ready","timestamp":"2022-11-04T06:28:05.891Z"}
{"level":"info","message":"server ready","timestamp":"2022-11-04T06:28:29.501Z"}
{"level":"info","message":"GET ALL USERS","timestamp":"2022-11-04T06:28:52.488Z"}
{"level":"info","message":"UPDATE USER IN DATABASE","timestamp":"2022-11-04T06:29:40.654Z"}
{"level":"info","message":"server ready","timestamp":"2022-11-04T06:31:07.574Z"}
{"level":"info","message":"server ready","timestamp":"2022-11-04T06:31:20.436Z"}
{"level":"info","message":"server ready","timestamp":"2022-11-04T06:31:21.968Z"}
{"level":"info","message":"UPDATE USER IN DATABASE","timestamp":"2022-11-04T06:31:45.965Z"}
{"level":"info","message":"server ready","timestamp":"2022-11-04T06:31:51.040Z"}
{"level":"info","message":"server ready","timestamp":"2022-11-04T06:32:04.727Z"}
{"level":"info","message":"server ready","timestamp":"2022-11-04T06:32:24.477Z"}
{"level":"info","message":"server ready","timestamp":"2022-11-04T06:32:27.523Z"}
{"level":"info","message":"server ready","timestamp":"2022-11-04T06:32:32.006Z"}
{"level":"info","message":"server ready","timestamp":"2022-11-04T06:32:38.661Z"}
{"level":"info","message":"UPDATE USER IN DATABASE","timestamp":"2022-11-04T06:32:57.528Z"}
{"level":"info","message":"server ready","timestamp":"2022-11-04T06:34:51.731Z"}
{"level":"info","message":"server ready","timestamp":"2022-11-04T06:35:13.311Z"}
{"level":"info","message":"server ready","timestamp":"2022-11-04T06:35:27.177Z"}
{"level":"info","message":"server ready","timestamp":"2022-11-04T06:35:33.104Z"}
{"level":"info","message":"UPDATE USER IN DATABASE","timestamp":"2022-11-04T06:35:46.918Z"}
{"level":"info","message":"GET ALL USERS","timestamp":"2022-11-04T06:35:58.240Z"}
{"level":"info","message":"server ready","timestamp":"2022-11-04T06:36:18.179Z"}
{"level":"info","message":"server ready","timestamp":"2022-11-04T06:36:25.941Z"}
{"level":"info","message":"server ready","timestamp":"2022-11-04T06:36:29.094Z"}
{"level":"info","message":"server ready","timestamp":"2022-11-04T06:53:30.364Z"}
{"level":"info","message":"server ready","timestamp":"2022-11-04T06:53:33.721Z"}
{"level":"info","message":"server ready","timestamp":"2022-11-04T06:54:07.701Z"}
{"level":"info","message":"server ready","timestamp":"2022-11-04T06:54:25.934Z"}
{"level":"info","message":"server ready","timestamp":"2022-11-04T06:54:54.021Z"}
{"level":"info","message":"server ready","timestamp":"2022-11-04T06:55:36.299Z"}
{"level":"info","message":"Function Testing began","timestamp":"2022-11-04T06:56:23.869Z"}
{"level":"info","message":"API Testing began","timestamp":"2022-11-04T06:56:23.870Z"}
{"level":"info","message":"server ready","timestamp":"2022-11-04T07:00:28.340Z"}
{"level":"info","message":"Function Testing began","timestamp":"2022-11-04T07:00:35.092Z"}
{"level":"info","message":"API Testing began","timestamp":"2022-11-04T07:00:35.093Z"}
{"level":"info","message":"connection sucessful...","timestamp":"2022-11-04T07:00:37.433Z"}
{"level":"info","message":"Function Testing began","timestamp":"2022-11-04T07:04:03.002Z"}
{"level":"info","message":"API Testing began","timestamp":"2022-11-04T07:04:03.003Z"}
{"level":"info","message":"connection sucessful...","timestamp":"2022-11-04T07:04:06.611Z"}
{"level":"info","message":"Function Testing began","timestamp":"2022-11-04T07:06:32.162Z"}
{"level":"info","message":"API Testing began","timestamp":"2022-11-04T07:06:32.163Z"}
{"level":"info","message":"STORE USER IN DATABASE","timestamp":"2022-11-04T07:06:32.198Z"}
{"level":"info","message":"connection sucessful...","timestamp":"2022-11-04T07:06:36.214Z"}
{"level":"info","message":"STORE USER IN DATABASE","timestamp":"2022-11-04T07:06:37.197Z"}
{"level":"info","message":"GET METHOD","timestamp":"2022-11-04T07:06:38.373Z"}
{"level":"info","message":"GET METHOD","timestamp":"2022-11-04T07:06:38.975Z"}
{"level":"info","message":"GET ALL USERS","timestamp":"2022-11-04T07:06:39.585Z"}
{"level":"info","message":"Function Testing began","timestamp":"2022-11-04T07:09:56.224Z"}
{"level":"info","message":"API Testing began","timestamp":"2022-11-04T07:09:56.225Z"}
{"level":"info","message":"STORE USER IN DATABASE","timestamp":"2022-11-04T07:09:56.263Z"}
{"level":"info","message":"connection sucessful...","timestamp":"2022-11-04T07:09:59.263Z"}
{"level":"info","message":"STORE USER IN DATABASE","timestamp":"2022-11-04T07:10:01.260Z"}
{"level":"info","message":"GET METHOD","timestamp":"2022-11-04T07:10:01.418Z"}
{"level":"info","message":"GET METHOD","timestamp":"2022-11-04T07:10:02.024Z"}
{"level":"info","message":"GET ALL USERS","timestamp":"2022-11-04T07:10:02.640Z"}
{"level":"info","message":"Function Testing began","timestamp":"2022-11-04T07:14:02.632Z"}
{"level":"info","message":"connection sucessful...","timestamp":"2022-11-04T07:14:06.255Z"}
{"level":"info","message":"Function Testing began","timestamp":"2022-11-04T08:18:30.875Z"}
{"level":"info","message":"connection sucessful...","timestamp":"2022-11-04T08:18:34.447Z"}
{"level":"info","message":"Function Testing began","timestamp":"2022-11-04T08:24:10.803Z"}
{"level":"info","message":"connection sucessful...","timestamp":"2022-11-04T08:24:14.401Z"}
{"level":"info","message":"Function Testing began","timestamp":"2022-11-04T08:24:55.947Z"}
{"level":"info","message":"API Testing began","timestamp":"2022-11-04T08:24:55.948Z"}
{"level":"info","message":"connection sucessful...","timestamp":"2022-11-04T08:24:58.637Z"}
{"level":"info","message":"Function Testing began","timestamp":"2022-11-04T08:25:56.625Z"}
{"level":"info","message":"API Testing began","timestamp":"2022-11-04T08:25:56.625Z"}
{"level":"info","message":"connection sucessful...","timestamp":"2022-11-04T08:26:00.180Z"}
{"level":"info","message":"Function Testing began","timestamp":"2022-11-04T08:41:52.539Z"}
{"level":"info","message":"API Testing began","timestamp":"2022-11-04T08:41:52.540Z"}
{"level":"info","message":"connection sucessful...","timestamp":"2022-11-04T08:41:56.376Z"}
{"level":"info","message":"Function Testing began","timestamp":"2022-11-04T08:42:25.785Z"}
{"level":"info","message":"API Testing began","timestamp":"2022-11-04T08:42:25.785Z"}
{"level":"info","message":"connection sucessful...","timestamp":"2022-11-04T08:42:29.351Z"}
{"level":"info","message":"Function Testing began","timestamp":"2022-11-04T08:43:53.876Z"}
{"level":"info","message":"API Testing began","timestamp":"2022-11-04T08:43:53.877Z"}
{"level":"info","message":"connection sucessful...","timestamp":"2022-11-04T08:44:03.044Z"}
{"level":"info","message":"Function Testing began","timestamp":"2022-11-04T08:53:24.156Z"}
{"level":"info","message":"API Testing began","timestamp":"2022-11-04T08:53:24.156Z"}
{"level":"info","message":"connection sucessful...","timestamp":"2022-11-04T08:53:28.228Z"}
{"level":"info","message":"Function Testing began","timestamp":"2022-11-04T08:57:56.268Z"}
{"level":"info","message":"API Testing began","timestamp":"2022-11-04T08:57:56.268Z"}
{"level":"info","message":"server ready","timestamp":"2022-11-04T08:57:56.308Z"}
{"level":"info","message":"connection sucessful...","timestamp":"2022-11-04T08:58:00.445Z"}
{"level":"info","message":"server ready","timestamp":"2022-11-04T09:01:46.716Z"}
{"level":"info","message":"connection sucessful...","timestamp":"2022-11-04T09:01:51.258Z"}
{"level":"info","message":"Function Testing began","timestamp":"2022-11-04T09:07:06.485Z"}
{"level":"info","message":"API Testing began","timestamp":"2022-11-04T09:07:06.486Z"}
{"level":"info","message":"server ready","timestamp":"2022-11-04T09:07:06.493Z"}
{"level":"info","message":"STORE USER IN DATABASE","timestamp":"2022-11-04T09:07:06.521Z"}
{"level":"info","message":"connection sucessful...","timestamp":"2022-11-04T09:07:09.088Z"}
{"level":"info","message":"STORE USER IN DATABASE","timestamp":"2022-11-04T09:07:10.255Z"}
{"level":"info","message":"GET METHOD","timestamp":"2022-11-04T09:07:10.565Z"}
{"level":"info","message":"GET METHOD","timestamp":"2022-11-04T09:07:10.875Z"}
{"level":"info","message":"Function Testing began","timestamp":"2022-11-04T09:13:34.842Z"}
{"level":"info","message":"API Testing began","timestamp":"2022-11-04T09:13:34.843Z"}
{"level":"info","message":"server ready","timestamp":"2022-11-04T09:13:34.851Z"}
{"level":"info","message":"STORE USER IN DATABASE","timestamp":"2022-11-04T09:13:34.877Z"}
{"level":"info","message":"connection sucessful...","timestamp":"2022-11-04T09:13:38.267Z"}
{"level":"info","message":"STORE USER IN DATABASE","timestamp":"2022-11-04T09:13:39.874Z"}
{"level":"info","message":"GET METHOD","timestamp":"2022-11-04T09:13:40.428Z"}
{"level":"info","message":"GET METHOD","timestamp":"2022-11-04T09:13:40.730Z"}
{"level":"info","message":"Function Testing began","timestamp":"2022-11-04T09:14:07.173Z"}
{"level":"info","message":"API Testing began","timestamp":"2022-11-04T09:14:07.174Z"}
{"level":"info","message":"server ready","timestamp":"2022-11-04T09:14:07.217Z"}
{"level":"info","message":"connection sucessful...","timestamp":"2022-11-04T09:14:10.521Z"}
{"level":"info","message":"Function Testing began","timestamp":"2022-11-04T09:16:00.528Z"}
{"level":"info","message":"API Testing began","timestamp":"2022-11-04T09:16:00.528Z"}
{"level":"info","message":"server ready","timestamp":"2022-11-04T09:16:00.536Z"}
{"level":"info","message":"STORE USER IN DATABASE","timestamp":"2022-11-04T09:16:00.564Z"}
{"level":"info","message":"connection sucessful...","timestamp":"2022-11-04T09:16:05.011Z"}
{"level":"info","message":"STORE USER IN DATABASE","timestamp":"2022-11-04T09:16:05.563Z"}
{"level":"info","message":"GET METHOD","timestamp":"2022-11-04T09:16:05.888Z"}
{"level":"info","message":"GET METHOD","timestamp":"2022-11-04T09:16:06.135Z"}
{"level":"info","message":"Function Testing began","timestamp":"2022-11-04T09:18:00.786Z"}
{"level":"info","message":"API Testing began","timestamp":"2022-11-04T09:18:00.787Z"}
{"level":"info","message":"server ready","timestamp":"2022-11-04T09:18:00.794Z"}
{"level":"info","message":"STORE USER IN DATABASE","timestamp":"2022-11-04T09:18:00.823Z"}
{"level":"info","message":"connection sucessful...","timestamp":"2022-11-04T09:18:04.209Z"}
{"level":"info","message":"GET METHOD","timestamp":"2022-11-04T09:18:05.820Z"}
{"level":"info","message":"GET METHOD","timestamp":"2022-11-04T09:18:05.958Z"}
{"level":"info","message":"server ready","timestamp":"2022-11-04T09:22:05.050Z"}
{"level":"info","message":"connection sucessful...","timestamp":"2022-11-04T09:22:09.156Z"}
{"level":"info","message":"server ready","timestamp":"2022-11-04T09:22:44.069Z"}
{"level":"info","message":"connection sucessful...","timestamp":"2022-11-04T09:22:49.707Z"}
{"level":"info","message":"Function Testing began","timestamp":"2022-11-04T09:23:58.855Z"}
{"level":"info","message":"API Testing began","timestamp":"2022-11-04T09:23:58.856Z"}
{"level":"info","message":"server ready","timestamp":"2022-11-04T09:23:58.863Z"}
{"level":"info","message":"STORE USER IN DATABASE","timestamp":"2022-11-04T09:23:58.891Z"}
{"level":"info","message":"connection sucessful...","timestamp":"2022-11-04T09:24:03.335Z"}
{"level":"info","message":"GET METHOD","timestamp":"2022-11-04T09:24:03.886Z"}
{"level":"info","message":"GET METHOD","timestamp":"2022-11-04T09:24:04.361Z"}
{"level":"info","message":"Function Testing began","timestamp":"2022-11-04T09:33:15.894Z"}
{"level":"info","message":"API Testing began","timestamp":"2022-11-04T09:33:15.895Z"}
{"level":"info","message":"server ready","timestamp":"2022-11-04T09:33:15.902Z"}
{"level":"info","message":"STORE USER IN DATABASE","timestamp":"2022-11-04T09:33:15.930Z"}
{"level":"info","message":"connection sucessful...","timestamp":"2022-11-04T09:33:19.654Z"}
{"level":"info","message":"GET METHOD","timestamp":"2022-11-04T09:33:20.927Z"}
{"level":"info","message":"GET METHOD","timestamp":"2022-11-04T09:33:21.106Z"}
{"level":"info","message":"Function Testing began","timestamp":"2022-11-04T09:37:35.896Z"}
{"level":"info","message":"API Testing began","timestamp":"2022-11-04T09:37:35.897Z"}
{"level":"info","message":"server ready","timestamp":"2022-11-04T09:37:35.904Z"}
{"level":"info","message":"STORE USER IN DATABASE","timestamp":"2022-11-04T09:37:35.965Z"}
{"level":"info","message":"connection sucessful...","timestamp":"2022-11-04T09:37:40.060Z"}
{"level":"info","message":"GET METHOD","timestamp":"2022-11-04T09:37:40.958Z"}
{"level":"info","message":"GET METHOD","timestamp":"2022-11-04T09:37:41.402Z"}
{"level":"info","message":"Function Testing began","timestamp":"2022-11-04T09:48:19.860Z"}
{"level":"info","message":"API Testing began","timestamp":"2022-11-04T09:48:19.861Z"}
{"level":"info","message":"server ready","timestamp":"2022-11-04T09:48:19.871Z"}
{"level":"info","message":"STORE USER IN DATABASE","timestamp":"2022-11-04T09:48:19.901Z"}
{"level":"info","message":"connection sucessful...","timestamp":"2022-11-04T09:48:23.965Z"}
{"level":"info","message":"STORE USER IN DATABASE","timestamp":"2022-11-04T09:48:24.898Z"}
{"level":"info","message":"GET METHOD","timestamp":"2022-11-04T09:48:25.097Z"}
{"level":"info","message":"GET METHOD","timestamp":"2022-11-04T09:48:25.200Z"}
{"level":"info","message":"Function Testing began","timestamp":"2022-11-04T10:04:28.496Z"}
{"level":"info","message":"API Testing began","timestamp":"2022-11-04T10:04:28.497Z"}
{"level":"info","message":"server ready","timestamp":"2022-11-04T10:04:28.505Z"}
{"level":"info","message":"STORE USER IN DATABASE","timestamp":"2022-11-04T10:04:28.532Z"}
{"level":"info","message":"STORE USER IN DATABASE","timestamp":"2022-11-04T10:04:33.529Z"}
{"level":"info","message":"connection sucessful...","timestamp":"2022-11-04T10:04:37.877Z"}
{"level":"info","message":"GET METHOD","timestamp":"2022-11-04T10:04:38.536Z"}
{"level":"info","message":"GET METHOD","timestamp":"2022-11-04T10:04:38.616Z"}
{"level":"info","message":"Function Testing began","timestamp":"2022-11-04T10:05:39.458Z"}
{"level":"info","message":"API Testing began","timestamp":"2022-11-04T10:05:39.459Z"}
{"level":"info","message":"server ready","timestamp":"2022-11-04T10:05:39.466Z"}
{"level":"info","message":"STORE USER IN DATABASE","timestamp":"2022-11-04T10:05:39.494Z"}
{"level":"info","message":"connection sucessful...","timestamp":"2022-11-04T10:05:42.943Z"}
{"level":"info","message":"STORE USER IN DATABASE","timestamp":"2022-11-04T10:05:44.378Z"}
{"level":"info","message":"GET METHOD","timestamp":"2022-11-04T10:05:44.683Z"}
{"level":"info","message":"GET METHOD","timestamp":"2022-11-04T10:05:44.949Z"}
{"level":"info","message":"Function Testing began","timestamp":"2022-11-04T10:10:54.915Z"}
{"level":"info","message":"API Testing began","timestamp":"2022-11-04T10:10:54.916Z"}
{"level":"info","message":"server ready","timestamp":"2022-11-04T10:10:54.923Z"}
{"level":"info","message":"STORE USER IN DATABASE","timestamp":"2022-11-04T10:10:54.951Z"}
{"level":"info","message":"connection sucessful...","timestamp":"2022-11-04T10:10:58.042Z"}
{"level":"info","message":"STORE USER IN DATABASE","timestamp":"2022-11-04T10:10:59.958Z"}
{"level":"info","message":"GET METHOD","timestamp":"2022-11-04T10:11:04.961Z"}
{"level":"info","message":"GET METHOD","timestamp":"2022-11-04T10:11:05.314Z"}
{"level":"info","message":"Function Testing began","timestamp":"2022-11-04T10:11:54.996Z"}
{"level":"info","message":"API Testing began","timestamp":"2022-11-04T10:11:54.997Z"}
{"level":"info","message":"server ready","timestamp":"2022-11-04T10:11:55.005Z"}
{"level":"info","message":"STORE USER IN DATABASE","timestamp":"2022-11-04T10:11:55.060Z"}
{"level":"info","message":"connection sucessful...","timestamp":"2022-11-04T10:11:57.642Z"}
{"level":"info","message":"STORE USER IN DATABASE","timestamp":"2022-11-04T10:11:59.060Z"}
{"level":"info","message":"GET METHOD","timestamp":"2022-11-04T10:11:59.166Z"}
{"level":"info","message":"GET METHOD","timestamp":"2022-11-04T10:11:59.273Z"}
{"level":"info","message":"Function Testing began","timestamp":"2022-11-04T10:14:13.083Z"}
{"level":"info","message":"API Testing began","timestamp":"2022-11-04T10:14:13.084Z"}
{"level":"info","message":"server ready","timestamp":"2022-11-04T10:14:13.091Z"}
{"level":"info","message":"STORE USER IN DATABASE","timestamp":"2022-11-04T10:14:13.117Z"}
{"level":"info","message":"connection sucessful...","timestamp":"2022-11-04T10:14:17.930Z"}
{"level":"info","message":"STORE USER IN DATABASE","timestamp":"2022-11-04T10:14:18.118Z"}
{"level":"info","message":"GET METHOD","timestamp":"2022-11-04T10:14:18.126Z"}
{"level":"info","message":"GET METHOD","timestamp":"2022-11-04T10:14:18.455Z"}
{"level":"info","message":"Function Testing began","timestamp":"2022-11-04T10:15:25.754Z"}
{"level":"info","message":"API Testing began","timestamp":"2022-11-04T10:15:25.755Z"}
{"level":"info","message":"server ready","timestamp":"2022-11-04T10:15:25.763Z"}
{"level":"info","message":"STORE USER IN DATABASE","timestamp":"2022-11-04T10:15:25.787Z"}
{"level":"info","message":"connection sucessful...","timestamp":"2022-11-04T10:15:28.545Z"}
{"level":"info","message":"STORE USER IN DATABASE","timestamp":"2022-11-04T10:15:30.130Z"}
{"level":"info","message":"GET METHOD","timestamp":"2022-11-04T10:15:30.240Z"}
{"level":"info","message":"GET METHOD","timestamp":"2022-11-04T10:15:30.353Z"}
{"level":"info","message":"Function Testing began","timestamp":"2022-11-04T10:22:21.321Z"}
{"level":"info","message":"API Testing began","timestamp":"2022-11-04T10:22:21.322Z"}
{"level":"info","message":"server ready","timestamp":"2022-11-04T10:22:21.329Z"}
{"level":"info","message":"STORE USER IN DATABASE","timestamp":"2022-11-04T10:22:21.357Z"}
{"level":"info","message":"connection sucessful...","timestamp":"2022-11-04T10:22:24.085Z"}
{"level":"info","message":"GET METHOD","timestamp":"2022-11-04T10:22:24.474Z"}
{"level":"info","message":"GET METHOD","timestamp":"2022-11-04T10:22:24.536Z"}
{"level":"info","message":"Function Testing began","timestamp":"2022-11-04T10:24:14.960Z"}
{"level":"info","message":"API Testing began","timestamp":"2022-11-04T10:24:14.961Z"}
{"level":"info","message":"server ready","timestamp":"2022-11-04T10:24:14.968Z"}
{"level":"info","message":"STORE USER IN DATABASE","timestamp":"2022-11-04T10:24:14.999Z"}
{"level":"info","message":"connection sucessful...","timestamp":"2022-11-04T10:24:18.626Z"}
{"level":"info","message":"GET METHOD","timestamp":"2022-11-04T10:24:19.995Z"}
{"level":"info","message":"GET METHOD","timestamp":"2022-11-04T10:24:20.180Z"}
{"level":"info","message":"Function Testing began","timestamp":"2022-11-04T10:25:31.707Z"}
{"level":"info","message":"API Testing began","timestamp":"2022-11-04T10:25:31.708Z"}
{"level":"info","message":"server ready","timestamp":"2022-11-04T10:25:31.716Z"}
{"level":"info","message":"STORE USER IN DATABASE","timestamp":"2022-11-04T10:25:31.745Z"}
{"level":"info","message":"connection sucessful...","timestamp":"2022-11-04T10:25:35.823Z"}
{"level":"info","message":"GET METHOD","timestamp":"2022-11-04T10:25:36.739Z"}
{"level":"info","message":"GET METHOD","timestamp":"2022-11-04T10:25:37.287Z"}
{"level":"info","message":"GET ALL USERS","timestamp":"2022-11-04T10:25:37.583Z"}
{"level":"info","message":"Function Testing began","timestamp":"2022-11-04T10:26:21.850Z"}
{"level":"info","message":"API Testing began","timestamp":"2022-11-04T10:26:21.851Z"}
{"level":"info","message":"server ready","timestamp":"2022-11-04T10:26:21.858Z"}
{"level":"info","message":"STORE USER IN DATABASE","timestamp":"2022-11-04T10:26:21.887Z"}
{"level":"info","message":"connection sucessful...","timestamp":"2022-11-04T10:26:24.951Z"}
{"level":"info","message":"GET METHOD","timestamp":"2022-11-04T10:26:26.810Z"}
{"level":"info","message":"GET METHOD","timestamp":"2022-11-04T10:26:27.044Z"}
{"level":"info","message":"GET ALL USERS","timestamp":"2022-11-04T10:26:27.253Z"}
{"level":"info","message":"Function Testing began","timestamp":"2022-11-04T10:27:14.641Z"}
{"level":"info","message":"API Testing began","timestamp":"2022-11-04T10:27:14.642Z"}
{"level":"info","message":"server ready","timestamp":"2022-11-04T10:27:14.650Z"}
{"level":"info","message":"STORE USER IN DATABASE","timestamp":"2022-11-04T10:27:14.677Z"}
{"level":"info","message":"GET METHOD","timestamp":"2022-11-04T10:27:19.675Z"}
{"level":"info","message":"connection sucessful...","timestamp":"2022-11-04T10:27:22.953Z"}
{"level":"info","message":"GET ALL USERS","timestamp":"2022-11-04T10:27:24.678Z"}
{"level":"info","message":"Function Testing began","timestamp":"2022-11-04T10:29:01.900Z"}
{"level":"info","message":"API Testing began","timestamp":"2022-11-04T10:29:01.901Z"}
{"level":"info","message":"server ready","timestamp":"2022-11-04T10:29:01.908Z"}
{"level":"info","message":"STORE USER IN DATABASE","timestamp":"2022-11-04T10:29:01.934Z"}
{"level":"info","message":"connection sucessful...","timestamp":"2022-11-04T10:29:05.041Z"}
{"level":"info","message":"GET METHOD","timestamp":"2022-11-04T10:29:06.795Z"}
{"level":"info","message":"GET ALL USERS","timestamp":"2022-11-04T10:29:06.897Z"}
{"level":"info","message":"Function Testing began","timestamp":"2022-11-04T10:33:10.786Z"}
{"level":"info","message":"API Testing began","timestamp":"2022-11-04T10:33:10.787Z"}
{"level":"info","message":"server ready","timestamp":"2022-11-04T10:33:10.794Z"}
{"level":"info","message":"STORE USER IN DATABASE","timestamp":"2022-11-04T10:33:10.825Z"}
{"level":"info","message":"connection sucessful...","timestamp":"2022-11-04T10:33:14.398Z"}
{"level":"info","message":"GET METHOD","timestamp":"2022-11-04T10:33:15.819Z"}
{"level":"info","message":"GET ALL USERS","timestamp":"2022-11-04T10:33:15.893Z"}
{"level":"info","message":"Function Testing began","timestamp":"2022-11-04T10:33:42.137Z"}
{"level":"info","message":"API Testing began","timestamp":"2022-11-04T10:33:42.138Z"}
{"level":"info","message":"server ready","timestamp":"2022-11-04T10:33:42.145Z"}
{"level":"info","message":"STORE USER IN DATABASE","timestamp":"2022-11-04T10:33:42.199Z"}
{"level":"info","message":"connection sucessful...","timestamp":"2022-11-04T10:33:44.301Z"}
{"level":"info","message":"GET METHOD","timestamp":"2022-11-04T10:33:44.869Z"}
{"level":"info","message":"GET ALL USERS","timestamp":"2022-11-04T10:33:44.973Z"}
{"level":"info","message":"Function Testing began","timestamp":"2022-11-04T10:35:14.011Z"}
{"level":"info","message":"API Testing began","timestamp":"2022-11-04T10:35:14.011Z"}
{"level":"info","message":"server ready","timestamp":"2022-11-04T10:35:14.020Z"}
{"level":"info","message":"STORE USER IN DATABASE","timestamp":"2022-11-04T10:35:14.047Z"}
{"level":"info","message":"connection sucessful...","timestamp":"2022-11-04T10:35:17.780Z"}
{"level":"info","message":"GET METHOD","timestamp":"2022-11-04T10:35:19.044Z"}
{"level":"info","message":"GET ALL USERS","timestamp":"2022-11-04T10:35:19.963Z"}
{"level":"info","message":"Function Testing began","timestamp":"2022-11-04T10:35:33.585Z"}
{"level":"info","message":"API Testing began","timestamp":"2022-11-04T10:35:33.586Z"}
{"level":"info","message":"server ready","timestamp":"2022-11-04T10:35:33.595Z"}
{"level":"info","message":"STORE USER IN DATABASE","timestamp":"2022-11-04T10:35:33.653Z"}
{"level":"info","message":"connection sucessful...","timestamp":"2022-11-04T10:35:35.600Z"}
{"level":"info","message":"GET METHOD","timestamp":"2022-11-04T10:35:36.344Z"}
{"level":"info","message":"GET ALL USERS","timestamp":"2022-11-04T10:35:36.452Z"}
{"level":"info","message":"Function Testing began","timestamp":"2022-11-04T10:36:59.941Z"}
{"level":"info","message":"API Testing began","timestamp":"2022-11-04T10:36:59.941Z"}
{"level":"info","message":"server ready","timestamp":"2022-11-04T10:36:59.949Z"}
{"level":"info","message":"STORE USER IN DATABASE","timestamp":"2022-11-04T10:36:59.978Z"}
{"level":"info","message":"connection sucessful...","timestamp":"2022-11-04T10:37:03.250Z"}
{"level":"info","message":"GET METHOD","timestamp":"2022-11-04T10:37:04.974Z"}
{"level":"info","message":"GET ALL USERS","timestamp":"2022-11-04T10:37:05.046Z"}
{"level":"info","message":"Function Testing began","timestamp":"2022-11-04T10:37:22.770Z"}
{"level":"info","message":"API Testing began","timestamp":"2022-11-04T10:37:22.771Z"}
{"level":"info","message":"server ready","timestamp":"2022-11-04T10:37:22.779Z"}
{"level":"info","message":"STORE USER IN DATABASE","timestamp":"2022-11-04T10:37:22.833Z"}
{"level":"info","message":"connection sucessful...","timestamp":"2022-11-04T10:37:27.309Z"}
{"level":"info","message":"GET METHOD","timestamp":"2022-11-04T10:37:27.829Z"}
{"level":"info","message":"GET ALL USERS","timestamp":"2022-11-04T10:37:27.997Z"}
{"level":"info","message":"Function Testing began","timestamp":"2022-11-04T10:38:19.408Z"}
{"level":"info","message":"API Testing began","timestamp":"2022-11-04T10:38:19.409Z"}
{"level":"info","message":"server ready","timestamp":"2022-11-04T10:38:19.416Z"}
{"level":"info","message":"STORE USER IN DATABASE","timestamp":"2022-11-04T10:38:19.445Z"}
{"level":"info","message":"connection sucessful...","timestamp":"2022-11-04T10:38:23.077Z"}
{"level":"info","message":"GET METHOD","timestamp":"2022-11-04T10:38:23.741Z"}
{"level":"info","message":"GET ALL USERS","timestamp":"2022-11-04T10:38:23.851Z"}
{"level":"info","message":"Function Testing began","timestamp":"2022-11-04T10:39:00.039Z"}
{"level":"info","message":"API Testing began","timestamp":"2022-11-04T10:39:00.040Z"}
{"level":"info","message":"server ready","timestamp":"2022-11-04T10:39:00.048Z"}
{"level":"info","message":"STORE USER IN DATABASE","timestamp":"2022-11-04T10:39:00.101Z"}
{"level":"info","message":"connection sucessful...","timestamp":"2022-11-04T10:39:03.766Z"}
{"level":"info","message":"GET METHOD","timestamp":"2022-11-04T10:39:05.100Z"}
{"level":"info","message":"GET ALL USERS","timestamp":"2022-11-04T10:39:05.315Z"}
{"level":"info","message":"Function Testing began","timestamp":"2022-11-04T10:41:42.198Z"}
{"level":"info","message":"API Testing began","timestamp":"2022-11-04T10:41:42.200Z"}
{"level":"info","message":"server ready","timestamp":"2022-11-04T10:41:42.210Z"}
{"level":"info","message":"STORE USER IN DATABASE","timestamp":"2022-11-04T10:41:42.238Z"}
{"level":"info","message":"connection sucessful...","timestamp":"2022-11-04T10:41:46.988Z"}
{"level":"info","message":"GET METHOD","timestamp":"2022-11-04T10:41:47.235Z"}
{"level":"info","message":"GET ALL USERS","timestamp":"2022-11-04T10:41:47.816Z"}
{"level":"info","message":"UPDATE USER IN DATABASE","timestamp":"2022-11-04T10:41:48.139Z"}
{"level":"info","message":"Function Testing began","timestamp":"2022-11-04T10:42:47.649Z"}
{"level":"info","message":"API Testing began","timestamp":"2022-11-04T10:42:47.650Z"}
{"level":"info","message":"server ready","timestamp":"2022-11-04T10:42:47.657Z"}
{"level":"info","message":"STORE USER IN DATABASE","timestamp":"2022-11-04T10:42:47.684Z"}
{"level":"info","message":"connection sucessful...","timestamp":"2022-11-04T10:42:51.090Z"}
{"level":"info","message":"GET METHOD","timestamp":"2022-11-04T10:42:52.170Z"}
{"level":"info","message":"GET ALL USERS","timestamp":"2022-11-04T10:42:52.230Z"}
{"level":"info","message":"UPDATE USER IN DATABASE","timestamp":"2022-11-04T10:42:52.286Z"}
{"level":"info","message":"DELETE USER FROM DATABASE","timestamp":"2022-11-04T10:42:52.295Z"}
{"level":"info","message":"Function Testing began","timestamp":"2022-11-04T10:44:23.772Z"}
{"level":"info","message":"API Testing began","timestamp":"2022-11-04T10:44:23.773Z"}
{"level":"info","message":"server ready","timestamp":"2022-11-04T10:44:23.780Z"}
{"level":"info","message":"STORE USER IN DATABASE","timestamp":"2022-11-04T10:44:23.809Z"}
{"level":"info","message":"connection sucessful...","timestamp":"2022-11-04T10:44:27.138Z"}
{"level":"info","message":"GET METHOD","timestamp":"2022-11-04T10:44:28.674Z"}
{"level":"info","message":"GET ALL USERS","timestamp":"2022-11-04T10:44:28.862Z"}
{"level":"info","message":"UPDATE USER IN DATABASE","timestamp":"2022-11-04T10:44:28.993Z"}
{"level":"info","message":"DELETE USER FROM DATABASE","timestamp":"2022-11-04T10:44:29.005Z"}
{"level":"info","message":"Function Testing began","timestamp":"2022-11-04T10:45:43.514Z"}
{"level":"info","message":"API Testing began","timestamp":"2022-11-04T10:45:43.515Z"}
{"level":"info","message":"server ready","timestamp":"2022-11-04T10:45:43.522Z"}
{"level":"info","message":"STORE USER IN DATABASE","timestamp":"2022-11-04T10:45:43.549Z"}
{"level":"info","message":"connection sucessful...","timestamp":"2022-11-04T10:45:47.418Z"}
{"level":"info","message":"GET METHOD","timestamp":"2022-11-04T10:45:48.546Z"}
{"level":"info","message":"GET ALL USERS","timestamp":"2022-11-04T10:45:48.691Z"}
{"level":"info","message":"UPDATE USER IN DATABASE","timestamp":"2022-11-04T10:45:48.892Z"}
{"level":"info","message":"DELETE USER FROM DATABASE","timestamp":"2022-11-04T10:45:48.902Z"}
{"level":"info","message":"Function Testing began","timestamp":"2022-11-04T10:46:47.144Z"}
{"level":"info","message":"API Testing began","timestamp":"2022-11-04T10:46:47.145Z"}
{"level":"info","message":"server ready","timestamp":"2022-11-04T10:46:47.152Z"}
{"level":"info","message":"STORE USER IN DATABASE","timestamp":"2022-11-04T10:46:47.184Z"}
{"level":"info","message":"connection sucessful...","timestamp":"2022-11-04T10:46:49.480Z"}
{"level":"info","message":"GET METHOD","timestamp":"2022-11-04T10:46:50.025Z"}
{"level":"info","message":"GET ALL USERS","timestamp":"2022-11-04T10:46:50.106Z"}
{"level":"info","message":"UPDATE USER IN DATABASE","timestamp":"2022-11-04T10:46:50.205Z"}
{"level":"info","message":"DELETE USER FROM DATABASE","timestamp":"2022-11-04T10:46:50.214Z"}
{"level":"info","message":"Function Testing began","timestamp":"2022-11-04T10:50:04.315Z"}
{"level":"info","message":"API Testing began","timestamp":"2022-11-04T10:50:04.315Z"}
{"level":"info","message":"server ready","timestamp":"2022-11-04T10:50:04.323Z"}
{"level":"info","message":"STORE USER IN DATABASE","timestamp":"2022-11-04T10:50:04.347Z"}
{"level":"info","message":"connection sucessful...","timestamp":"2022-11-04T10:50:07.895Z"}
{"level":"info","message":"GET METHOD","timestamp":"2022-11-04T10:50:09.344Z"}
{"level":"info","message":"GET ALL USERS","timestamp":"2022-11-04T10:50:09.850Z"}
{"level":"info","message":"UPDATE USER IN DATABASE","timestamp":"2022-11-04T10:50:09.976Z"}
{"level":"info","message":"DELETE USER FROM DATABASE","timestamp":"2022-11-04T10:50:09.986Z"}
{"level":"info","message":"Function Testing began","timestamp":"2022-11-04T10:51:15.610Z"}
{"level":"info","message":"API Testing began","timestamp":"2022-11-04T10:51:15.611Z"}
{"level":"info","message":"server ready","timestamp":"2022-11-04T10:51:15.618Z"}
{"level":"info","message":"STORE USER IN DATABASE","timestamp":"2022-11-04T10:51:15.643Z"}
{"level":"info","message":"connection sucessful...","timestamp":"2022-11-04T10:51:19.092Z"}
{"level":"info","message":"GET METHOD","timestamp":"2022-11-04T10:51:20.632Z"}
{"level":"info","message":"GET ALL USERS","timestamp":"2022-11-04T10:51:20.948Z"}
{"level":"info","message":"UPDATE USER IN DATABASE","timestamp":"2022-11-04T10:51:21.245Z"}
{"level":"info","message":"DELETE USER FROM DATABASE","timestamp":"2022-11-04T10:51:21.252Z"}
{"level":"info","message":"Function Testing began","timestamp":"2022-11-04T11:09:03.507Z"}
{"level":"info","message":"API Testing began","timestamp":"2022-11-04T11:09:03.508Z"}
{"level":"info","message":"server ready","timestamp":"2022-11-04T11:09:03.515Z"}
{"level":"info","message":"STORE USER IN DATABASE","timestamp":"2022-11-04T11:09:03.540Z"}
{"level":"info","message":"connection sucessful...","timestamp":"2022-11-04T11:09:06.682Z"}
{"level":"info","message":"GET METHOD","timestamp":"2022-11-04T11:09:07.553Z"}
{"level":"info","message":"GET ALL USERS","timestamp":"2022-11-04T11:09:07.871Z"}
{"level":"info","message":"UPDATE USER IN DATABASE","timestamp":"2022-11-04T11:09:08.176Z"}
{"level":"info","message":"DELETE USER FROM DATABASE","timestamp":"2022-11-04T11:09:08.187Z"}
{"level":"info","message":"server ready","timestamp":"2022-11-04T11:22:34.954Z"}
{"level":"info","message":"connection sucessful...","timestamp":"2022-11-04T11:22:38.003Z"}
{"level":"info","message":"GET ALL USERS","timestamp":"2022-11-04T11:22:38.007Z"}
{"level":"info","message":"DELETE USER FROM DATABASE","timestamp":"2022-11-04T11:22:46.868Z"}
{"level":"info","message":"DELETE USER FROM DATABASE","timestamp":"2022-11-04T11:22:49.920Z"}
{"level":"info","message":"DELETE USER FROM DATABASE","timestamp":"2022-11-04T11:22:51.846Z"}
{"level":"info","message":"DELETE USER FROM DATABASE","timestamp":"2022-11-04T11:22:53.190Z"}
{"level":"info","message":"DELETE USER FROM DATABASE","timestamp":"2022-11-04T11:22:53.765Z"}
{"level":"info","message":"DELETE USER FROM DATABASE","timestamp":"2022-11-04T11:22:54.314Z"}
{"level":"info","message":"DELETE USER FROM DATABASE","timestamp":"2022-11-04T11:22:55.749Z"}
{"level":"info","message":"DELETE USER FROM DATABASE","timestamp":"2022-11-04T11:22:56.615Z"}
{"level":"info","message":"DELETE USER FROM DATABASE","timestamp":"2022-11-04T11:22:57.406Z"}
{"level":"info","message":"DELETE USER FROM DATABASE","timestamp":"2022-11-04T11:22:58.846Z"}
{"level":"info","message":"DELETE USER FROM DATABASE","timestamp":"2022-11-04T11:22:59.549Z"}
{"level":"info","message":"DELETE USER FROM DATABASE","timestamp":"2022-11-04T11:23:00.717Z"}
{"level":"info","message":"DELETE USER FROM DATABASE","timestamp":"2022-11-04T11:23:01.677Z"}
{"level":"info","message":"DELETE USER FROM DATABASE","timestamp":"2022-11-04T11:23:02.469Z"}
{"level":"info","message":"DELETE USER FROM DATABASE","timestamp":"2022-11-04T11:23:03.765Z"}
{"level":"info","message":"DELETE USER FROM DATABASE","timestamp":"2022-11-04T11:23:05.062Z"}
{"level":"info","message":"DELETE USER FROM DATABASE","timestamp":"2022-11-04T11:23:05.614Z"}
{"level":"info","message":"DELETE USER FROM DATABASE","timestamp":"2022-11-04T11:23:06.246Z"}
{"level":"info","message":"DELETE USER FROM DATABASE","timestamp":"2022-11-04T11:23:06.781Z"}
{"level":"info","message":"DELETE USER FROM DATABASE","timestamp":"2022-11-04T11:23:08.254Z"}
{"level":"info","message":"DELETE USER FROM DATABASE","timestamp":"2022-11-04T11:23:08.870Z"}
{"level":"info","message":"DELETE USER FROM DATABASE","timestamp":"2022-11-04T11:23:09.094Z"}
{"level":"info","message":"DELETE USER FROM DATABASE","timestamp":"2022-11-04T11:23:09.462Z"}
{"level":"info","message":"DELETE USER FROM DATABASE","timestamp":"2022-11-04T11:23:09.774Z"}
{"level":"info","message":"DELETE USER FROM DATABASE","timestamp":"2022-11-04T11:23:10.278Z"}
{"level":"info","message":"DELETE USER FROM DATABASE","timestamp":"2022-11-04T11:23:10.790Z"}
{"level":"info","message":"DELETE USER FROM DATABASE","timestamp":"2022-11-04T11:23:11.022Z"}
{"level":"info","message":"DELETE USER FROM DATABASE","timestamp":"2022-11-04T11:23:11.246Z"}
{"level":"info","message":"DELETE USER FROM DATABASE","timestamp":"2022-11-04T11:23:11.686Z"}
{"level":"info","message":"DELETE USER FROM DATABASE","timestamp":"2022-11-04T11:23:12.156Z"}
{"level":"info","message":"DELETE USER FROM DATABASE","timestamp":"2022-11-04T11:23:12.989Z"}
{"level":"info","message":"DELETE USER FROM DATABASE","timestamp":"2022-11-04T11:23:13.901Z"}
{"level":"info","message":"DELETE USER FROM DATABASE","timestamp":"2022-11-04T11:23:14.485Z"}
{"level":"info","message":"DELETE USER FROM DATABASE","timestamp":"2022-11-04T11:23:15.566Z"}
{"level":"info","message":"DELETE USER FROM DATABASE","timestamp":"2022-11-04T11:23:16.678Z"}
{"level":"info","message":"DELETE USER FROM DATABASE","timestamp":"2022-11-04T11:23:17.262Z"}
{"level":"info","message":"DELETE USER FROM DATABASE","timestamp":"2022-11-04T11:23:17.934Z"}
{"level":"info","message":"DELETE USER FROM DATABASE","timestamp":"2022-11-04T11:23:18.991Z"}
{"level":"info","message":"DELETE USER FROM DATABASE","timestamp":"2022-11-04T11:23:19.965Z"}
{"level":"info","message":"DELETE USER FROM DATABASE","timestamp":"2022-11-04T11:23:20.598Z"}
{"level":"info","message":"DELETE USER FROM DATABASE","timestamp":"2022-11-04T11:23:21.702Z"}
{"level":"info","message":"DELETE USER FROM DATABASE","timestamp":"2022-11-04T11:23:22.407Z"}
{"level":"info","message":"DELETE USER FROM DATABASE","timestamp":"2022-11-04T11:23:23.735Z"}
{"level":"info","message":"DELETE USER FROM DATABASE","timestamp":"2022-11-04T11:23:24.582Z"}
{"level":"info","message":"DELETE USER FROM DATABASE","timestamp":"2022-11-04T11:23:25.558Z"}
{"level":"info","message":"DELETE USER FROM DATABASE","timestamp":"2022-11-04T11:23:26.383Z"}
{"level":"info","message":"DELETE USER FROM DATABASE","timestamp":"2022-11-04T11:23:27.222Z"}
{"level":"info","message":"DELETE USER FROM DATABASE","timestamp":"2022-11-04T11:23:28.319Z"}
{"level":"info","message":"DELETE USER FROM DATABASE","timestamp":"2022-11-04T11:23:28.942Z"}
{"level":"info","message":"DELETE USER FROM DATABASE","timestamp":"2022-11-04T11:23:30.223Z"}
{"level":"info","message":"DELETE USER FROM DATABASE","timestamp":"2022-11-04T11:23:31.383Z"}
{"level":"info","message":"DELETE USER FROM DATABASE","timestamp":"2022-11-04T11:23:33.743Z"}
{"level":"info","message":"server ready","timestamp":"2022-11-04T11:23:38.481Z"}
{"level":"info","message":"connection sucessful...","timestamp":"2022-11-04T11:23:40.954Z"}
{"level":"info","message":"server ready","timestamp":"2022-11-04T11:23:43.556Z"}
{"level":"info","message":"connection sucessful...","timestamp":"2022-11-04T11:23:46.403Z"}
